<?xml version="1.0" encoding="UTF-8"?>
<testsuite xmlns:xsi="http://www.w3.org/2001/XMLSchema-instance" xsi:noNamespaceSchemaLocation="https://maven.apache.org/surefire/maven-surefire-plugin/xsd/surefire-test-report.xsd" version="3.0.2" name="springai.ai.AiApplicationTests" time="3.925" tests="1" errors="0" skipped="0" failures="0">
  <properties>
    <property name="java.specification.version" value="17"/>
    <property name="sun.cpu.isalist" value="amd64"/>
    <property name="sun.jnu.encoding" value="GBK"/>
    <property name="java.class.path" value="D:\code\java\Spring\SpringAI\AIDevelop\AI\target\test-classes;D:\code\java\Spring\SpringAI\AIDevelop\AI\target\classes;D:\Maven\apache-maven-3.9.9-bin\apache-maven-3.9.9\Rep\org\springframework\boot\spring-boot-starter-web\3.4.3\spring-boot-starter-web-3.4.3.jar;D:\Maven\apache-maven-3.9.9-bin\apache-maven-3.9.9\Rep\org\springframework\boot\spring-boot-starter\3.4.3\spring-boot-starter-3.4.3.jar;D:\Maven\apache-maven-3.9.9-bin\apache-maven-3.9.9\Rep\org\springframework\boot\spring-boot\3.4.3\spring-boot-3.4.3.jar;D:\Maven\apache-maven-3.9.9-bin\apache-maven-3.9.9\Rep\org\springframework\boot\spring-boot-autoconfigure\3.4.3\spring-boot-autoconfigure-3.4.3.jar;D:\Maven\apache-maven-3.9.9-bin\apache-maven-3.9.9\Rep\org\springframework\boot\spring-boot-starter-logging\3.4.3\spring-boot-starter-logging-3.4.3.jar;D:\Maven\apache-maven-3.9.9-bin\apache-maven-3.9.9\Rep\ch\qos\logback\logback-classic\1.5.16\logback-classic-1.5.16.jar;D:\Maven\apache-maven-3.9.9-bin\apache-maven-3.9.9\Rep\ch\qos\logback\logback-core\1.5.16\logback-core-1.5.16.jar;D:\Maven\apache-maven-3.9.9-bin\apache-maven-3.9.9\Rep\org\apache\logging\log4j\log4j-to-slf4j\2.24.3\log4j-to-slf4j-2.24.3.jar;D:\Maven\apache-maven-3.9.9-bin\apache-maven-3.9.9\Rep\org\apache\logging\log4j\log4j-api\2.24.3\log4j-api-2.24.3.jar;D:\Maven\apache-maven-3.9.9-bin\apache-maven-3.9.9\Rep\org\slf4j\jul-to-slf4j\2.0.16\jul-to-slf4j-2.0.16.jar;D:\Maven\apache-maven-3.9.9-bin\apache-maven-3.9.9\Rep\jakarta\annotation\jakarta.annotation-api\2.1.1\jakarta.annotation-api-2.1.1.jar;D:\Maven\apache-maven-3.9.9-bin\apache-maven-3.9.9\Rep\org\yaml\snakeyaml\2.3\snakeyaml-2.3.jar;D:\Maven\apache-maven-3.9.9-bin\apache-maven-3.9.9\Rep\org\springframework\boot\spring-boot-starter-json\3.4.3\spring-boot-starter-json-3.4.3.jar;D:\Maven\apache-maven-3.9.9-bin\apache-maven-3.9.9\Rep\com\fasterxml\jackson\core\jackson-databind\2.18.2\jackson-databind-2.18.2.jar;D:\Maven\apache-maven-3.9.9-bin\apache-maven-3.9.9\Rep\com\fasterxml\jackson\core\jackson-annotations\2.18.2\jackson-annotations-2.18.2.jar;D:\Maven\apache-maven-3.9.9-bin\apache-maven-3.9.9\Rep\com\fasterxml\jackson\core\jackson-core\2.18.2\jackson-core-2.18.2.jar;D:\Maven\apache-maven-3.9.9-bin\apache-maven-3.9.9\Rep\com\fasterxml\jackson\datatype\jackson-datatype-jdk8\2.18.2\jackson-datatype-jdk8-2.18.2.jar;D:\Maven\apache-maven-3.9.9-bin\apache-maven-3.9.9\Rep\com\fasterxml\jackson\datatype\jackson-datatype-jsr310\2.18.2\jackson-datatype-jsr310-2.18.2.jar;D:\Maven\apache-maven-3.9.9-bin\apache-maven-3.9.9\Rep\com\fasterxml\jackson\module\jackson-module-parameter-names\2.18.2\jackson-module-parameter-names-2.18.2.jar;D:\Maven\apache-maven-3.9.9-bin\apache-maven-3.9.9\Rep\org\springframework\boot\spring-boot-starter-tomcat\3.4.3\spring-boot-starter-tomcat-3.4.3.jar;D:\Maven\apache-maven-3.9.9-bin\apache-maven-3.9.9\Rep\org\apache\tomcat\embed\tomcat-embed-core\10.1.36\tomcat-embed-core-10.1.36.jar;D:\Maven\apache-maven-3.9.9-bin\apache-maven-3.9.9\Rep\org\apache\tomcat\embed\tomcat-embed-el\10.1.36\tomcat-embed-el-10.1.36.jar;D:\Maven\apache-maven-3.9.9-bin\apache-maven-3.9.9\Rep\org\apache\tomcat\embed\tomcat-embed-websocket\10.1.36\tomcat-embed-websocket-10.1.36.jar;D:\Maven\apache-maven-3.9.9-bin\apache-maven-3.9.9\Rep\org\springframework\spring-web\6.2.3\spring-web-6.2.3.jar;D:\Maven\apache-maven-3.9.9-bin\apache-maven-3.9.9\Rep\org\springframework\spring-beans\6.2.3\spring-beans-6.2.3.jar;D:\Maven\apache-maven-3.9.9-bin\apache-maven-3.9.9\Rep\io\micrometer\micrometer-observation\1.14.4\micrometer-observation-1.14.4.jar;D:\Maven\apache-maven-3.9.9-bin\apache-maven-3.9.9\Rep\io\micrometer\micrometer-commons\1.14.4\micrometer-commons-1.14.4.jar;D:\Maven\apache-maven-3.9.9-bin\apache-maven-3.9.9\Rep\org\springframework\spring-webmvc\6.2.3\spring-webmvc-6.2.3.jar;D:\Maven\apache-maven-3.9.9-bin\apache-maven-3.9.9\Rep\org\springframework\spring-aop\6.2.3\spring-aop-6.2.3.jar;D:\Maven\apache-maven-3.9.9-bin\apache-maven-3.9.9\Rep\org\springframework\spring-context\6.2.3\spring-context-6.2.3.jar;D:\Maven\apache-maven-3.9.9-bin\apache-maven-3.9.9\Rep\org\springframework\spring-expression\6.2.3\spring-expression-6.2.3.jar;D:\Maven\apache-maven-3.9.9-bin\apache-maven-3.9.9\Rep\org\springframework\ai\spring-ai-openai-spring-boot-starter\1.0.0-M6\spring-ai-openai-spring-boot-starter-1.0.0-M6.jar;D:\Maven\apache-maven-3.9.9-bin\apache-maven-3.9.9\Rep\org\springframework\ai\spring-ai-spring-boot-autoconfigure\1.0.0-M6\spring-ai-spring-boot-autoconfigure-1.0.0-M6.jar;D:\Maven\apache-maven-3.9.9-bin\apache-maven-3.9.9\Rep\org\springframework\ai\spring-ai-openai\1.0.0-M6\spring-ai-openai-1.0.0-M6.jar;D:\Maven\apache-maven-3.9.9-bin\apache-maven-3.9.9\Rep\org\springframework\ai\spring-ai-core\1.0.0-M6\spring-ai-core-1.0.0-M6.jar;D:\Maven\apache-maven-3.9.9-bin\apache-maven-3.9.9\Rep\com\fasterxml\jackson\module\jackson-module-jsonSchema\2.18.2\jackson-module-jsonSchema-2.18.2.jar;D:\Maven\apache-maven-3.9.9-bin\apache-maven-3.9.9\Rep\javax\validation\validation-api\1.1.0.Final\validation-api-1.1.0.Final.jar;D:\Maven\apache-maven-3.9.9-bin\apache-maven-3.9.9\Rep\io\swagger\core\v3\swagger-annotations\2.2.25\swagger-annotations-2.2.25.jar;D:\Maven\apache-maven-3.9.9-bin\apache-maven-3.9.9\Rep\com\github\victools\jsonschema-module-swagger-2\4.37.0\jsonschema-module-swagger-2-4.37.0.jar;D:\Maven\apache-maven-3.9.9-bin\apache-maven-3.9.9\Rep\org\antlr\ST4\4.3.4\ST4-4.3.4.jar;D:\Maven\apache-maven-3.9.9-bin\apache-maven-3.9.9\Rep\org\antlr\antlr-runtime\3.5.3\antlr-runtime-3.5.3.jar;D:\Maven\apache-maven-3.9.9-bin\apache-maven-3.9.9\Rep\org\antlr\antlr4-runtime\4.13.1\antlr4-runtime-4.13.1.jar;D:\Maven\apache-maven-3.9.9-bin\apache-maven-3.9.9\Rep\io\projectreactor\reactor-core\3.7.3\reactor-core-3.7.3.jar;D:\Maven\apache-maven-3.9.9-bin\apache-maven-3.9.9\Rep\org\reactivestreams\reactive-streams\1.0.4\reactive-streams-1.0.4.jar;D:\Maven\apache-maven-3.9.9-bin\apache-maven-3.9.9\Rep\org\springframework\spring-messaging\6.2.3\spring-messaging-6.2.3.jar;D:\Maven\apache-maven-3.9.9-bin\apache-maven-3.9.9\Rep\io\micrometer\micrometer-core\1.14.4\micrometer-core-1.14.4.jar;D:\Maven\apache-maven-3.9.9-bin\apache-maven-3.9.9\Rep\org\hdrhistogram\HdrHistogram\2.2.2\HdrHistogram-2.2.2.jar;D:\Maven\apache-maven-3.9.9-bin\apache-maven-3.9.9\Rep\org\latencyutils\LatencyUtils\2.0.3\LatencyUtils-2.0.3.jar;D:\Maven\apache-maven-3.9.9-bin\apache-maven-3.9.9\Rep\io\micrometer\context-propagation\1.1.2\context-propagation-1.1.2.jar;D:\Maven\apache-maven-3.9.9-bin\apache-maven-3.9.9\Rep\com\knuddels\jtokkit\1.1.0\jtokkit-1.1.0.jar;D:\Maven\apache-maven-3.9.9-bin\apache-maven-3.9.9\Rep\org\springframework\ai\spring-ai-retry\1.0.0-M6\spring-ai-retry-1.0.0-M6.jar;D:\Maven\apache-maven-3.9.9-bin\apache-maven-3.9.9\Rep\org\springframework\retry\spring-retry\2.0.11\spring-retry-2.0.11.jar;D:\Maven\apache-maven-3.9.9-bin\apache-maven-3.9.9\Rep\org\springframework\spring-webflux\6.2.3\spring-webflux-6.2.3.jar;D:\Maven\apache-maven-3.9.9-bin\apache-maven-3.9.9\Rep\io\rest-assured\json-path\5.5.1\json-path-5.5.1.jar;D:\Maven\apache-maven-3.9.9-bin\apache-maven-3.9.9\Rep\org\apache\groovy\groovy-json\4.0.25\groovy-json-4.0.25.jar;D:\Maven\apache-maven-3.9.9-bin\apache-maven-3.9.9\Rep\org\apache\groovy\groovy\4.0.25\groovy-4.0.25.jar;D:\Maven\apache-maven-3.9.9-bin\apache-maven-3.9.9\Rep\io\rest-assured\rest-assured-common\5.5.1\rest-assured-common-5.5.1.jar;D:\Maven\apache-maven-3.9.9-bin\apache-maven-3.9.9\Rep\org\apache\commons\commons-lang3\3.17.0\commons-lang3-3.17.0.jar;D:\Maven\apache-maven-3.9.9-bin\apache-maven-3.9.9\Rep\com\github\victools\jsonschema-generator\4.37.0\jsonschema-generator-4.37.0.jar;D:\Maven\apache-maven-3.9.9-bin\apache-maven-3.9.9\Rep\com\fasterxml\classmate\1.7.0\classmate-1.7.0.jar;D:\Maven\apache-maven-3.9.9-bin\apache-maven-3.9.9\Rep\com\github\victools\jsonschema-module-jackson\4.37.0\jsonschema-module-jackson-4.37.0.jar;D:\Maven\apache-maven-3.9.9-bin\apache-maven-3.9.9\Rep\org\springframework\spring-context-support\6.2.3\spring-context-support-6.2.3.jar;D:\Maven\apache-maven-3.9.9-bin\apache-maven-3.9.9\Rep\org\slf4j\slf4j-api\2.0.16\slf4j-api-2.0.16.jar;D:\Maven\apache-maven-3.9.9-bin\apache-maven-3.9.9\Rep\org\projectlombok\lombok\1.18.36\lombok-1.18.36.jar;D:\Maven\apache-maven-3.9.9-bin\apache-maven-3.9.9\Rep\org\springframework\boot\spring-boot-starter-test\3.4.3\spring-boot-starter-test-3.4.3.jar;D:\Maven\apache-maven-3.9.9-bin\apache-maven-3.9.9\Rep\org\springframework\boot\spring-boot-test\3.4.3\spring-boot-test-3.4.3.jar;D:\Maven\apache-maven-3.9.9-bin\apache-maven-3.9.9\Rep\org\springframework\boot\spring-boot-test-autoconfigure\3.4.3\spring-boot-test-autoconfigure-3.4.3.jar;D:\Maven\apache-maven-3.9.9-bin\apache-maven-3.9.9\Rep\com\jayway\jsonpath\json-path\2.9.0\json-path-2.9.0.jar;D:\Maven\apache-maven-3.9.9-bin\apache-maven-3.9.9\Rep\jakarta\xml\bind\jakarta.xml.bind-api\4.0.2\jakarta.xml.bind-api-4.0.2.jar;D:\Maven\apache-maven-3.9.9-bin\apache-maven-3.9.9\Rep\jakarta\activation\jakarta.activation-api\2.1.3\jakarta.activation-api-2.1.3.jar;D:\Maven\apache-maven-3.9.9-bin\apache-maven-3.9.9\Rep\net\minidev\json-smart\2.5.2\json-smart-2.5.2.jar;D:\Maven\apache-maven-3.9.9-bin\apache-maven-3.9.9\Rep\net\minidev\accessors-smart\2.5.2\accessors-smart-2.5.2.jar;D:\Maven\apache-maven-3.9.9-bin\apache-maven-3.9.9\Rep\org\ow2\asm\asm\9.7.1\asm-9.7.1.jar;D:\Maven\apache-maven-3.9.9-bin\apache-maven-3.9.9\Rep\org\assertj\assertj-core\3.26.3\assertj-core-3.26.3.jar;D:\Maven\apache-maven-3.9.9-bin\apache-maven-3.9.9\Rep\net\bytebuddy\byte-buddy\1.15.11\byte-buddy-1.15.11.jar;D:\Maven\apache-maven-3.9.9-bin\apache-maven-3.9.9\Rep\org\awaitility\awaitility\4.2.2\awaitility-4.2.2.jar;D:\Maven\apache-maven-3.9.9-bin\apache-maven-3.9.9\Rep\org\hamcrest\hamcrest\2.2\hamcrest-2.2.jar;D:\Maven\apache-maven-3.9.9-bin\apache-maven-3.9.9\Rep\org\junit\jupiter\junit-jupiter\5.11.4\junit-jupiter-5.11.4.jar;D:\Maven\apache-maven-3.9.9-bin\apache-maven-3.9.9\Rep\org\junit\jupiter\junit-jupiter-api\5.11.4\junit-jupiter-api-5.11.4.jar;D:\Maven\apache-maven-3.9.9-bin\apache-maven-3.9.9\Rep\org\opentest4j\opentest4j\1.3.0\opentest4j-1.3.0.jar;D:\Maven\apache-maven-3.9.9-bin\apache-maven-3.9.9\Rep\org\junit\platform\junit-platform-commons\1.11.4\junit-platform-commons-1.11.4.jar;D:\Maven\apache-maven-3.9.9-bin\apache-maven-3.9.9\Rep\org\apiguardian\apiguardian-api\1.1.2\apiguardian-api-1.1.2.jar;D:\Maven\apache-maven-3.9.9-bin\apache-maven-3.9.9\Rep\org\junit\jupiter\junit-jupiter-params\5.11.4\junit-jupiter-params-5.11.4.jar;D:\Maven\apache-maven-3.9.9-bin\apache-maven-3.9.9\Rep\org\junit\jupiter\junit-jupiter-engine\5.11.4\junit-jupiter-engine-5.11.4.jar;D:\Maven\apache-maven-3.9.9-bin\apache-maven-3.9.9\Rep\org\junit\platform\junit-platform-engine\1.11.4\junit-platform-engine-1.11.4.jar;D:\Maven\apache-maven-3.9.9-bin\apache-maven-3.9.9\Rep\org\mockito\mockito-core\5.14.2\mockito-core-5.14.2.jar;D:\Maven\apache-maven-3.9.9-bin\apache-maven-3.9.9\Rep\net\bytebuddy\byte-buddy-agent\1.15.11\byte-buddy-agent-1.15.11.jar;D:\Maven\apache-maven-3.9.9-bin\apache-maven-3.9.9\Rep\org\objenesis\objenesis\3.3\objenesis-3.3.jar;D:\Maven\apache-maven-3.9.9-bin\apache-maven-3.9.9\Rep\org\mockito\mockito-junit-jupiter\5.14.2\mockito-junit-jupiter-5.14.2.jar;D:\Maven\apache-maven-3.9.9-bin\apache-maven-3.9.9\Rep\org\skyscreamer\jsonassert\1.5.3\jsonassert-1.5.3.jar;D:\Maven\apache-maven-3.9.9-bin\apache-maven-3.9.9\Rep\com\vaadin\external\google\android-json\0.0.20131108.vaadin1\android-json-0.0.20131108.vaadin1.jar;D:\Maven\apache-maven-3.9.9-bin\apache-maven-3.9.9\Rep\org\springframework\spring-core\6.2.3\spring-core-6.2.3.jar;D:\Maven\apache-maven-3.9.9-bin\apache-maven-3.9.9\Rep\org\springframework\spring-jcl\6.2.3\spring-jcl-6.2.3.jar;D:\Maven\apache-maven-3.9.9-bin\apache-maven-3.9.9\Rep\org\springframework\spring-test\6.2.3\spring-test-6.2.3.jar;D:\Maven\apache-maven-3.9.9-bin\apache-maven-3.9.9\Rep\org\xmlunit\xmlunit-core\2.10.0\xmlunit-core-2.10.0.jar;"/>
    <property name="java.vm.vendor" value="Amazon.com Inc."/>
    <property name="sun.arch.data.model" value="64"/>
    <property name="user.variant" value=""/>
    <property name="java.vendor.url" value="https://aws.amazon.com/corretto/"/>
    <property name="user.timezone" value="Asia/Shanghai"/>
    <property name="os.name" value="Windows 11"/>
    <property name="java.vm.specification.version" value="17"/>
    <property name="APPLICATION_NAME" value="AI"/>
    <property name="sun.java.launcher" value="SUN_STANDARD"/>
    <property name="user.country" value="CN"/>
    <property name="sun.boot.library.path" value="C:\Users\58404\.jdks\corretto-17.0.13\bin"/>
    <property name="sun.java.command" value="C:\Users\58404\AppData\Local\Temp\surefire9866860842866958618\surefirebooter-20250406205627910_3.jar C:\Users\58404\AppData\Local\Temp\surefire9866860842866958618 2025-04-06T20-56-27_754-jvmRun1 surefire-20250406205627910_1tmp surefire_0-20250406205627910_2tmp"/>
    <property name="jdk.debug" value="release"/>
    <property name="surefire.test.class.path" value="D:\code\java\Spring\SpringAI\AIDevelop\AI\target\test-classes;D:\code\java\Spring\SpringAI\AIDevelop\AI\target\classes;D:\Maven\apache-maven-3.9.9-bin\apache-maven-3.9.9\Rep\org\springframework\boot\spring-boot-starter-web\3.4.3\spring-boot-starter-web-3.4.3.jar;D:\Maven\apache-maven-3.9.9-bin\apache-maven-3.9.9\Rep\org\springframework\boot\spring-boot-starter\3.4.3\spring-boot-starter-3.4.3.jar;D:\Maven\apache-maven-3.9.9-bin\apache-maven-3.9.9\Rep\org\springframework\boot\spring-boot\3.4.3\spring-boot-3.4.3.jar;D:\Maven\apache-maven-3.9.9-bin\apache-maven-3.9.9\Rep\org\springframework\boot\spring-boot-autoconfigure\3.4.3\spring-boot-autoconfigure-3.4.3.jar;D:\Maven\apache-maven-3.9.9-bin\apache-maven-3.9.9\Rep\org\springframework\boot\spring-boot-starter-logging\3.4.3\spring-boot-starter-logging-3.4.3.jar;D:\Maven\apache-maven-3.9.9-bin\apache-maven-3.9.9\Rep\ch\qos\logback\logback-classic\1.5.16\logback-classic-1.5.16.jar;D:\Maven\apache-maven-3.9.9-bin\apache-maven-3.9.9\Rep\ch\qos\logback\logback-core\1.5.16\logback-core-1.5.16.jar;D:\Maven\apache-maven-3.9.9-bin\apache-maven-3.9.9\Rep\org\apache\logging\log4j\log4j-to-slf4j\2.24.3\log4j-to-slf4j-2.24.3.jar;D:\Maven\apache-maven-3.9.9-bin\apache-maven-3.9.9\Rep\org\apache\logging\log4j\log4j-api\2.24.3\log4j-api-2.24.3.jar;D:\Maven\apache-maven-3.9.9-bin\apache-maven-3.9.9\Rep\org\slf4j\jul-to-slf4j\2.0.16\jul-to-slf4j-2.0.16.jar;D:\Maven\apache-maven-3.9.9-bin\apache-maven-3.9.9\Rep\jakarta\annotation\jakarta.annotation-api\2.1.1\jakarta.annotation-api-2.1.1.jar;D:\Maven\apache-maven-3.9.9-bin\apache-maven-3.9.9\Rep\org\yaml\snakeyaml\2.3\snakeyaml-2.3.jar;D:\Maven\apache-maven-3.9.9-bin\apache-maven-3.9.9\Rep\org\springframework\boot\spring-boot-starter-json\3.4.3\spring-boot-starter-json-3.4.3.jar;D:\Maven\apache-maven-3.9.9-bin\apache-maven-3.9.9\Rep\com\fasterxml\jackson\core\jackson-databind\2.18.2\jackson-databind-2.18.2.jar;D:\Maven\apache-maven-3.9.9-bin\apache-maven-3.9.9\Rep\com\fasterxml\jackson\core\jackson-annotations\2.18.2\jackson-annotations-2.18.2.jar;D:\Maven\apache-maven-3.9.9-bin\apache-maven-3.9.9\Rep\com\fasterxml\jackson\core\jackson-core\2.18.2\jackson-core-2.18.2.jar;D:\Maven\apache-maven-3.9.9-bin\apache-maven-3.9.9\Rep\com\fasterxml\jackson\datatype\jackson-datatype-jdk8\2.18.2\jackson-datatype-jdk8-2.18.2.jar;D:\Maven\apache-maven-3.9.9-bin\apache-maven-3.9.9\Rep\com\fasterxml\jackson\datatype\jackson-datatype-jsr310\2.18.2\jackson-datatype-jsr310-2.18.2.jar;D:\Maven\apache-maven-3.9.9-bin\apache-maven-3.9.9\Rep\com\fasterxml\jackson\module\jackson-module-parameter-names\2.18.2\jackson-module-parameter-names-2.18.2.jar;D:\Maven\apache-maven-3.9.9-bin\apache-maven-3.9.9\Rep\org\springframework\boot\spring-boot-starter-tomcat\3.4.3\spring-boot-starter-tomcat-3.4.3.jar;D:\Maven\apache-maven-3.9.9-bin\apache-maven-3.9.9\Rep\org\apache\tomcat\embed\tomcat-embed-core\10.1.36\tomcat-embed-core-10.1.36.jar;D:\Maven\apache-maven-3.9.9-bin\apache-maven-3.9.9\Rep\org\apache\tomcat\embed\tomcat-embed-el\10.1.36\tomcat-embed-el-10.1.36.jar;D:\Maven\apache-maven-3.9.9-bin\apache-maven-3.9.9\Rep\org\apache\tomcat\embed\tomcat-embed-websocket\10.1.36\tomcat-embed-websocket-10.1.36.jar;D:\Maven\apache-maven-3.9.9-bin\apache-maven-3.9.9\Rep\org\springframework\spring-web\6.2.3\spring-web-6.2.3.jar;D:\Maven\apache-maven-3.9.9-bin\apache-maven-3.9.9\Rep\org\springframework\spring-beans\6.2.3\spring-beans-6.2.3.jar;D:\Maven\apache-maven-3.9.9-bin\apache-maven-3.9.9\Rep\io\micrometer\micrometer-observation\1.14.4\micrometer-observation-1.14.4.jar;D:\Maven\apache-maven-3.9.9-bin\apache-maven-3.9.9\Rep\io\micrometer\micrometer-commons\1.14.4\micrometer-commons-1.14.4.jar;D:\Maven\apache-maven-3.9.9-bin\apache-maven-3.9.9\Rep\org\springframework\spring-webmvc\6.2.3\spring-webmvc-6.2.3.jar;D:\Maven\apache-maven-3.9.9-bin\apache-maven-3.9.9\Rep\org\springframework\spring-aop\6.2.3\spring-aop-6.2.3.jar;D:\Maven\apache-maven-3.9.9-bin\apache-maven-3.9.9\Rep\org\springframework\spring-context\6.2.3\spring-context-6.2.3.jar;D:\Maven\apache-maven-3.9.9-bin\apache-maven-3.9.9\Rep\org\springframework\spring-expression\6.2.3\spring-expression-6.2.3.jar;D:\Maven\apache-maven-3.9.9-bin\apache-maven-3.9.9\Rep\org\springframework\ai\spring-ai-openai-spring-boot-starter\1.0.0-M6\spring-ai-openai-spring-boot-starter-1.0.0-M6.jar;D:\Maven\apache-maven-3.9.9-bin\apache-maven-3.9.9\Rep\org\springframework\ai\spring-ai-spring-boot-autoconfigure\1.0.0-M6\spring-ai-spring-boot-autoconfigure-1.0.0-M6.jar;D:\Maven\apache-maven-3.9.9-bin\apache-maven-3.9.9\Rep\org\springframework\ai\spring-ai-openai\1.0.0-M6\spring-ai-openai-1.0.0-M6.jar;D:\Maven\apache-maven-3.9.9-bin\apache-maven-3.9.9\Rep\org\springframework\ai\spring-ai-core\1.0.0-M6\spring-ai-core-1.0.0-M6.jar;D:\Maven\apache-maven-3.9.9-bin\apache-maven-3.9.9\Rep\com\fasterxml\jackson\module\jackson-module-jsonSchema\2.18.2\jackson-module-jsonSchema-2.18.2.jar;D:\Maven\apache-maven-3.9.9-bin\apache-maven-3.9.9\Rep\javax\validation\validation-api\1.1.0.Final\validation-api-1.1.0.Final.jar;D:\Maven\apache-maven-3.9.9-bin\apache-maven-3.9.9\Rep\io\swagger\core\v3\swagger-annotations\2.2.25\swagger-annotations-2.2.25.jar;D:\Maven\apache-maven-3.9.9-bin\apache-maven-3.9.9\Rep\com\github\victools\jsonschema-module-swagger-2\4.37.0\jsonschema-module-swagger-2-4.37.0.jar;D:\Maven\apache-maven-3.9.9-bin\apache-maven-3.9.9\Rep\org\antlr\ST4\4.3.4\ST4-4.3.4.jar;D:\Maven\apache-maven-3.9.9-bin\apache-maven-3.9.9\Rep\org\antlr\antlr-runtime\3.5.3\antlr-runtime-3.5.3.jar;D:\Maven\apache-maven-3.9.9-bin\apache-maven-3.9.9\Rep\org\antlr\antlr4-runtime\4.13.1\antlr4-runtime-4.13.1.jar;D:\Maven\apache-maven-3.9.9-bin\apache-maven-3.9.9\Rep\io\projectreactor\reactor-core\3.7.3\reactor-core-3.7.3.jar;D:\Maven\apache-maven-3.9.9-bin\apache-maven-3.9.9\Rep\org\reactivestreams\reactive-streams\1.0.4\reactive-streams-1.0.4.jar;D:\Maven\apache-maven-3.9.9-bin\apache-maven-3.9.9\Rep\org\springframework\spring-messaging\6.2.3\spring-messaging-6.2.3.jar;D:\Maven\apache-maven-3.9.9-bin\apache-maven-3.9.9\Rep\io\micrometer\micrometer-core\1.14.4\micrometer-core-1.14.4.jar;D:\Maven\apache-maven-3.9.9-bin\apache-maven-3.9.9\Rep\org\hdrhistogram\HdrHistogram\2.2.2\HdrHistogram-2.2.2.jar;D:\Maven\apache-maven-3.9.9-bin\apache-maven-3.9.9\Rep\org\latencyutils\LatencyUtils\2.0.3\LatencyUtils-2.0.3.jar;D:\Maven\apache-maven-3.9.9-bin\apache-maven-3.9.9\Rep\io\micrometer\context-propagation\1.1.2\context-propagation-1.1.2.jar;D:\Maven\apache-maven-3.9.9-bin\apache-maven-3.9.9\Rep\com\knuddels\jtokkit\1.1.0\jtokkit-1.1.0.jar;D:\Maven\apache-maven-3.9.9-bin\apache-maven-3.9.9\Rep\org\springframework\ai\spring-ai-retry\1.0.0-M6\spring-ai-retry-1.0.0-M6.jar;D:\Maven\apache-maven-3.9.9-bin\apache-maven-3.9.9\Rep\org\springframework\retry\spring-retry\2.0.11\spring-retry-2.0.11.jar;D:\Maven\apache-maven-3.9.9-bin\apache-maven-3.9.9\Rep\org\springframework\spring-webflux\6.2.3\spring-webflux-6.2.3.jar;D:\Maven\apache-maven-3.9.9-bin\apache-maven-3.9.9\Rep\io\rest-assured\json-path\5.5.1\json-path-5.5.1.jar;D:\Maven\apache-maven-3.9.9-bin\apache-maven-3.9.9\Rep\org\apache\groovy\groovy-json\4.0.25\groovy-json-4.0.25.jar;D:\Maven\apache-maven-3.9.9-bin\apache-maven-3.9.9\Rep\org\apache\groovy\groovy\4.0.25\groovy-4.0.25.jar;D:\Maven\apache-maven-3.9.9-bin\apache-maven-3.9.9\Rep\io\rest-assured\rest-assured-common\5.5.1\rest-assured-common-5.5.1.jar;D:\Maven\apache-maven-3.9.9-bin\apache-maven-3.9.9\Rep\org\apache\commons\commons-lang3\3.17.0\commons-lang3-3.17.0.jar;D:\Maven\apache-maven-3.9.9-bin\apache-maven-3.9.9\Rep\com\github\victools\jsonschema-generator\4.37.0\jsonschema-generator-4.37.0.jar;D:\Maven\apache-maven-3.9.9-bin\apache-maven-3.9.9\Rep\com\fasterxml\classmate\1.7.0\classmate-1.7.0.jar;D:\Maven\apache-maven-3.9.9-bin\apache-maven-3.9.9\Rep\com\github\victools\jsonschema-module-jackson\4.37.0\jsonschema-module-jackson-4.37.0.jar;D:\Maven\apache-maven-3.9.9-bin\apache-maven-3.9.9\Rep\org\springframework\spring-context-support\6.2.3\spring-context-support-6.2.3.jar;D:\Maven\apache-maven-3.9.9-bin\apache-maven-3.9.9\Rep\org\slf4j\slf4j-api\2.0.16\slf4j-api-2.0.16.jar;D:\Maven\apache-maven-3.9.9-bin\apache-maven-3.9.9\Rep\org\projectlombok\lombok\1.18.36\lombok-1.18.36.jar;D:\Maven\apache-maven-3.9.9-bin\apache-maven-3.9.9\Rep\org\springframework\boot\spring-boot-starter-test\3.4.3\spring-boot-starter-test-3.4.3.jar;D:\Maven\apache-maven-3.9.9-bin\apache-maven-3.9.9\Rep\org\springframework\boot\spring-boot-test\3.4.3\spring-boot-test-3.4.3.jar;D:\Maven\apache-maven-3.9.9-bin\apache-maven-3.9.9\Rep\org\springframework\boot\spring-boot-test-autoconfigure\3.4.3\spring-boot-test-autoconfigure-3.4.3.jar;D:\Maven\apache-maven-3.9.9-bin\apache-maven-3.9.9\Rep\com\jayway\jsonpath\json-path\2.9.0\json-path-2.9.0.jar;D:\Maven\apache-maven-3.9.9-bin\apache-maven-3.9.9\Rep\jakarta\xml\bind\jakarta.xml.bind-api\4.0.2\jakarta.xml.bind-api-4.0.2.jar;D:\Maven\apache-maven-3.9.9-bin\apache-maven-3.9.9\Rep\jakarta\activation\jakarta.activation-api\2.1.3\jakarta.activation-api-2.1.3.jar;D:\Maven\apache-maven-3.9.9-bin\apache-maven-3.9.9\Rep\net\minidev\json-smart\2.5.2\json-smart-2.5.2.jar;D:\Maven\apache-maven-3.9.9-bin\apache-maven-3.9.9\Rep\net\minidev\accessors-smart\2.5.2\accessors-smart-2.5.2.jar;D:\Maven\apache-maven-3.9.9-bin\apache-maven-3.9.9\Rep\org\ow2\asm\asm\9.7.1\asm-9.7.1.jar;D:\Maven\apache-maven-3.9.9-bin\apache-maven-3.9.9\Rep\org\assertj\assertj-core\3.26.3\assertj-core-3.26.3.jar;D:\Maven\apache-maven-3.9.9-bin\apache-maven-3.9.9\Rep\net\bytebuddy\byte-buddy\1.15.11\byte-buddy-1.15.11.jar;D:\Maven\apache-maven-3.9.9-bin\apache-maven-3.9.9\Rep\org\awaitility\awaitility\4.2.2\awaitility-4.2.2.jar;D:\Maven\apache-maven-3.9.9-bin\apache-maven-3.9.9\Rep\org\hamcrest\hamcrest\2.2\hamcrest-2.2.jar;D:\Maven\apache-maven-3.9.9-bin\apache-maven-3.9.9\Rep\org\junit\jupiter\junit-jupiter\5.11.4\junit-jupiter-5.11.4.jar;D:\Maven\apache-maven-3.9.9-bin\apache-maven-3.9.9\Rep\org\junit\jupiter\junit-jupiter-api\5.11.4\junit-jupiter-api-5.11.4.jar;D:\Maven\apache-maven-3.9.9-bin\apache-maven-3.9.9\Rep\org\opentest4j\opentest4j\1.3.0\opentest4j-1.3.0.jar;D:\Maven\apache-maven-3.9.9-bin\apache-maven-3.9.9\Rep\org\junit\platform\junit-platform-commons\1.11.4\junit-platform-commons-1.11.4.jar;D:\Maven\apache-maven-3.9.9-bin\apache-maven-3.9.9\Rep\org\apiguardian\apiguardian-api\1.1.2\apiguardian-api-1.1.2.jar;D:\Maven\apache-maven-3.9.9-bin\apache-maven-3.9.9\Rep\org\junit\jupiter\junit-jupiter-params\5.11.4\junit-jupiter-params-5.11.4.jar;D:\Maven\apache-maven-3.9.9-bin\apache-maven-3.9.9\Rep\org\junit\jupiter\junit-jupiter-engine\5.11.4\junit-jupiter-engine-5.11.4.jar;D:\Maven\apache-maven-3.9.9-bin\apache-maven-3.9.9\Rep\org\junit\platform\junit-platform-engine\1.11.4\junit-platform-engine-1.11.4.jar;D:\Maven\apache-maven-3.9.9-bin\apache-maven-3.9.9\Rep\org\mockito\mockito-core\5.14.2\mockito-core-5.14.2.jar;D:\Maven\apache-maven-3.9.9-bin\apache-maven-3.9.9\Rep\net\bytebuddy\byte-buddy-agent\1.15.11\byte-buddy-agent-1.15.11.jar;D:\Maven\apache-maven-3.9.9-bin\apache-maven-3.9.9\Rep\org\objenesis\objenesis\3.3\objenesis-3.3.jar;D:\Maven\apache-maven-3.9.9-bin\apache-maven-3.9.9\Rep\org\mockito\mockito-junit-jupiter\5.14.2\mockito-junit-jupiter-5.14.2.jar;D:\Maven\apache-maven-3.9.9-bin\apache-maven-3.9.9\Rep\org\skyscreamer\jsonassert\1.5.3\jsonassert-1.5.3.jar;D:\Maven\apache-maven-3.9.9-bin\apache-maven-3.9.9\Rep\com\vaadin\external\google\android-json\0.0.20131108.vaadin1\android-json-0.0.20131108.vaadin1.jar;D:\Maven\apache-maven-3.9.9-bin\apache-maven-3.9.9\Rep\org\springframework\spring-core\6.2.3\spring-core-6.2.3.jar;D:\Maven\apache-maven-3.9.9-bin\apache-maven-3.9.9\Rep\org\springframework\spring-jcl\6.2.3\spring-jcl-6.2.3.jar;D:\Maven\apache-maven-3.9.9-bin\apache-maven-3.9.9\Rep\org\springframework\spring-test\6.2.3\spring-test-6.2.3.jar;D:\Maven\apache-maven-3.9.9-bin\apache-maven-3.9.9\Rep\org\xmlunit\xmlunit-core\2.10.0\xmlunit-core-2.10.0.jar;"/>
    <property name="sun.cpu.endian" value="little"/>
    <property name="user.home" value="C:\Users\58404"/>
    <property name="user.language" value="zh"/>
    <property name="java.specification.vendor" value="Oracle Corporation"/>
    <property name="java.version.date" value="2024-10-15"/>
    <property name="java.home" value="C:\Users\58404\.jdks\corretto-17.0.13"/>
    <property name="file.separator" value="\"/>
    <property name="basedir" value="D:\code\java\Spring\SpringAI\AIDevelop\AI"/>
    <property name="java.vm.compressedOopsMode" value="Zero based"/>
    <property name="line.separator" value="&#10;"/>
    <property name="java.vm.specification.vendor" value="Oracle Corporation"/>
    <property name="java.specification.name" value="Java Platform API Specification"/>
    <property name="FILE_LOG_CHARSET" value="GBK"/>
    <property name="java.awt.headless" value="true"/>
    <property name="surefire.real.class.path" value="C:\Users\58404\AppData\Local\Temp\surefire9866860842866958618\surefirebooter-20250406205627910_3.jar"/>
    <property name="user.script" value=""/>
    <property name="sun.management.compiler" value="HotSpot 64-Bit Tiered Compilers"/>
    <property name="java.runtime.version" value="17.0.13+11-LTS"/>
    <property name="user.name" value="58404"/>
    <property name="path.separator" value=";"/>
    <property name="os.version" value="10.0"/>
    <property name="java.runtime.name" value="OpenJDK Runtime Environment"/>
    <property name="file.encoding" value="GBK"/>
    <property name="java.vm.name" value="OpenJDK 64-Bit Server VM"/>
    <property name="java.vendor.version" value="Corretto-17.0.13.11.1"/>
    <property name="localRepository" value="D:\Maven\apache-maven-3.9.9-bin\apache-maven-3.9.9\Rep"/>
    <property name="java.vendor.url.bug" value="https://github.com/corretto/corretto-17/issues/"/>
    <property name="java.io.tmpdir" value="C:\Users\58404\AppData\Local\Temp\"/>
    <property name="idea.version" value="2024.3.3"/>
    <property name="java.version" value="17.0.13"/>
    <property name="user.dir" value="D:\code\java\Spring\SpringAI\AIDevelop\AI"/>
    <property name="os.arch" value="amd64"/>
    <property name="java.vm.specification.name" value="Java Virtual Machine Specification"/>
    <property name="PID" value="20560"/>
    <property name="sun.os.patch.level" value=""/>
    <property name="CONSOLE_LOG_CHARSET" value="GBK"/>
    <property name="native.encoding" value="GBK"/>
    <property name="java.library.path" value="C:\Users\58404\.jdks\corretto-17.0.13\bin;C:\Windows\Sun\Java\bin;C:\Windows\system32;C:\Windows;C:\Program Files\Common Files\Oracle\Java\javapath;C:\Program Files (x86)\Common Files\Oracle\Java\javapath;C:\Windows\system32;C:\Windows;C:\Windows\System32\Wbem;C:\Windows\System32\WindowsPowerShell\v1.0\;C:\Windows\System32\OpenSSH\;C:\Program Files (x86)\NVIDIA Corporation\PhysX\Common;C:\Program Files\NVIDIA Corporation\NVIDIA NvDLISR;C:\Windows\system32;C:\Windows;C:\Windows\System32\Wbem;C:\Windows\System32\WindowsPowerShell\v1.0\;C:\Windows\System32\OpenSSH\;D:\java8\bin;C:\Program Files\dotnet\;C:\Program Files\Docker\Docker\resources\bin;D:\Maven\apache-maven-3.9.9-bin\apache-maven-3.9.9\bin;D:\Node.js\;D:\go\bin;C:\Program Files\Git\cmd;D:\Xshell\;D:\Xftp\;d:\Trae\bin;D:\py3.8\Scripts\;D:\py3.8\;C:\Users\58404\AppData\Local\Microsoft\WindowsApps;D:\vscode\Microsoft VS Code\bin;C:\Users\58404\AppData\Roaming\npm;;D:\ide\IntelliJ IDEA 2024.3.3\bin;;D:\ide\CLion 2024.3.3\bin;;D:\ide\GoLand 2024.3.3\bin;;D:\ide\PyCharm 2024.3.3\bin;;D:\ide\WebStorm 2024.3.3\bin;;C:\Users\58404\go\bin;C:\Users\58404\AppData\Local\Pandoc\;."/>
    <property name="java.vm.info" value="mixed mode, sharing"/>
    <property name="java.vendor" value="Amazon.com Inc."/>
    <property name="java.vm.version" value="17.0.13+11-LTS"/>
    <property name="java.specification.maintenance.version" value="1"/>
    <property name="sun.io.unicode.encoding" value="UnicodeLittle"/>
    <property name="maven.repo.local" value="D:\Maven\apache-maven-3.9.9-bin\apache-maven-3.9.9\Rep"/>
    <property name="java.class.version" value="61.0"/>
    <property name="LOGGED_APPLICATION_NAME" value="[AI] "/>
  </properties>
  <testcase name="contextLoads" classname="springai.ai.AiApplicationTests" time="0.837">
    <system-out><![CDATA[20:56:28.857 [main] INFO org.springframework.test.context.support.AnnotationConfigContextLoaderUtils -- Could not detect default configuration classes for test class [springai.ai.AiApplicationTests]: AiApplicationTests does not declare any static, non-private, non-final, nested classes annotated with @Configuration.
20:56:28.969 [main] INFO org.springframework.boot.test.context.SpringBootTestContextBootstrapper -- Found @SpringBootConfiguration springai.ai.AiApplication for test class springai.ai.AiApplicationTests

  .   ____          _            __ _ _
 /\\ / ___'_ __ _ _(_)_ __  __ _ \ \ \ \
( ( )\___ | '_ | '_| | '_ \/ _` | \ \ \ \
 \\/  ___)| |_)| | | | | || (_| |  ) ) ) )
  '  |____| .__|_| |_|_| |_\__, | / / / /
 =========|_|==============|___/=/_/_/_/

 :: Spring Boot ::                (v3.4.3)

2025-04-06T20:56:29.546+08:00  INFO 20560 --- [AI] [           main] springai.ai.AiApplicationTests           : Starting AiApplicationTests using Java 17.0.13 with PID 20560 (started by 58404 in D:\code\java\Spring\SpringAI\AIDevelop\AI)
2025-04-06T20:56:29.547+08:00  INFO 20560 --- [AI] [           main] springai.ai.AiApplicationTests           : No active profile set, falling back to 1 default profile: "default"
2025-04-06T20:56:31.754+08:00  INFO 20560 --- [AI] [           main] springai.ai.AiApplicationTests           : Started AiApplicationTests in 2.605 seconds (process running for 3.67)
]]></system-out>
  </testcase>
</testsuite>